0 info it worked if it ends with ok
1 verbose cli [ '/usr/local/bin/node', '/usr/local/bin/npm', 'run', 'dev' ]
2 info using npm@3.10.10
3 info using node@v6.11.4
4 verbose run-script [ 'predev', 'dev', 'postdev' ]
5 info lifecycle subtile@1.0.0~predev: subtile@1.0.0
6 silly lifecycle subtile@1.0.0~predev: no script for predev, continuing
7 info lifecycle subtile@1.0.0~dev: subtile@1.0.0
8 verbose lifecycle subtile@1.0.0~dev: unsafe-perm in lifecycle true
9 verbose lifecycle subtile@1.0.0~dev: PATH: /usr/local/lib/node_modules/npm/bin/node-gyp-bin:/Users/nka1024/dev/phaser/subtile/node_modules/.bin:/usr/local/bin:/usr/bin:/bin:/usr/sbin:/sbin:/usr/local/share/dotnet:/Library/Frameworks/Mono.framework/Versions/Current/Commands:/Users/nka1024/bin/:/Users/nka1024/bin/
10 verbose lifecycle subtile@1.0.0~dev: CWD: /Users/nka1024/dev/phaser/subtile
11 silly lifecycle subtile@1.0.0~dev: Args: [ '-c',
11 silly lifecycle   'webpack --mode development && webpack-dev-server --mode development' ]
12 silly lifecycle subtile@1.0.0~dev: Returned: code: 2  signal: null
13 info lifecycle subtile@1.0.0~dev: Failed to exec dev script
14 verbose stack Error: subtile@1.0.0 dev: `webpack --mode development && webpack-dev-server --mode development`
14 verbose stack Exit status 2
14 verbose stack     at EventEmitter.<anonymous> (/usr/local/lib/node_modules/npm/lib/utils/lifecycle.js:255:16)
14 verbose stack     at emitTwo (events.js:106:13)
14 verbose stack     at EventEmitter.emit (events.js:191:7)
14 verbose stack     at ChildProcess.<anonymous> (/usr/local/lib/node_modules/npm/lib/utils/spawn.js:40:14)
14 verbose stack     at emitTwo (events.js:106:13)
14 verbose stack     at ChildProcess.emit (events.js:191:7)
14 verbose stack     at maybeClose (internal/child_process.js:920:16)
14 verbose stack     at Process.ChildProcess._handle.onexit (internal/child_process.js:230:5)
15 verbose pkgid subtile@1.0.0
16 verbose cwd /Users/nka1024/dev/phaser/subtile
17 error Darwin 17.7.0
18 error argv "/usr/local/bin/node" "/usr/local/bin/npm" "run" "dev"
19 error node v6.11.4
20 error npm  v3.10.10
21 error code ELIFECYCLE
22 error subtile@1.0.0 dev: `webpack --mode development && webpack-dev-server --mode development`
22 error Exit status 2
23 error Failed at the subtile@1.0.0 dev script 'webpack --mode development && webpack-dev-server --mode development'.
23 error Make sure you have the latest version of node.js and npm installed.
23 error If you do, this is most likely a problem with the subtile package,
23 error not with npm itself.
23 error Tell the author that this fails on your system:
23 error     webpack --mode development && webpack-dev-server --mode development
23 error You can get information on how to open an issue for this project with:
23 error     npm bugs subtile
23 error Or if that isn't available, you can get their info via:
23 error     npm owner ls subtile
23 error There is likely additional logging output above.
24 verbose exit [ 1, true ]
